<?xml version="1.0" encoding="utf-8"?><testsuites name="pytest tests"><testsuite name="pytest" errors="0" failures="0" skipped="0" tests="39" time="7.672" timestamp="2026-06-01T11:00:52.978901+00:00" hostname="agent-env-80ff5706-7de4-4dec-9ef5-d5faeffc207d"><testcase classname="tests.test_shadow_nexus.TestHealth" name="test_root" time="0.004" /><testcase classname="tests.test_shadow_nexus.TestHealth" name="test_routing_via_external" time="0.167" /><testcase classname="tests.test_shadow_nexus.TestAuth" name="test_register_creates_user_with_token" time="0.229" /><testcase classname="tests.test_shadow_nexus.TestAuth" name="test_register_duplicate_email_rejected" time="0.043" /><testcase classname="tests.test_shadow_nexus.TestAuth" name="test_register_duplicate_username_rejected" time="0.044" /><testcase classname="tests.test_shadow_nexus.TestAuth" name="test_login_success_and_remember_me" time="0.266" /><testcase classname="tests.test_shadow_nexus.TestAuth" name="test_login_wrong_password" time="0.267" /><testcase classname="tests.test_shadow_nexus.TestAuth" name="test_forgot_password_known_user" time="0.044" /><testcase classname="tests.test_shadow_nexus.TestAuth" name="test_forgot_password_unknown_user" time="0.044" /><testcase classname="tests.test_shadow_nexus.TestAuth" name="test_me_requires_auth" time="0.042" /><testcase classname="tests.test_shadow_nexus.TestAuth" name="test_me_returns_user" time="0.044" /><testcase classname="tests.test_shadow_nexus.TestCharacter" name="test_options_returns_avatars_and_classes" time="0.043" /><testcase classname="tests.test_shadow_nexus.TestCharacter" name="test_create_character_then_get" time="0.086" /><testcase classname="tests.test_shadow_nexus.TestCharacter" name="test_create_character_twice_rejected" time="0.044" /><testcase classname="tests.test_shadow_nexus.TestCharacter" name="test_create_character_invalid_class" time="0.310" /><testcase classname="tests.test_shadow_nexus.TestDashboard" name="test_dashboard_payload" time="0.043" /><testcase classname="tests.test_shadow_nexus.TestChaptersMissions" name="test_list_chapters" time="0.044" /><testcase classname="tests.test_shadow_nexus.TestChaptersMissions" name="test_chapter_missions_sequential_unlock" time="0.044" /><testcase classname="tests.test_shadow_nexus.TestChaptersMissions" name="test_get_single_mission" time="0.043" /><testcase classname="tests.test_shadow_nexus.TestChaptersMissions" name="test_get_unknown_mission_404" time="0.042" /><testcase classname="tests.test_shadow_nexus.TestMissionComplete" name="test_complete_m1_awards_xp_and_advances" time="0.087" /><testcase classname="tests.test_shadow_nexus.TestMissionComplete" name="test_complete_already_done_rejected" time="0.043" /><testcase classname="tests.test_shadow_nexus.TestMissionComplete" name="test_wrong_puzzle_returns_failure" time="0.044" /><testcase classname="tests.test_shadow_nexus.TestMissionComplete" name="test_combat_lose_returns_failure" time="0.043" /><testcase classname="tests.test_shadow_nexus.TestCombat" name="test_combat_setup_for_boss" time="0.044" /><testcase classname="tests.test_shadow_nexus.TestCombat" name="test_combat_setup_non_combat_404" time="0.043" /><testcase classname="tests.test_shadow_nexus.TestNPCs" name="test_list_npcs_no_system_prompt" time="0.041" /><testcase classname="tests.test_shadow_nexus.TestNPCs" name="test_get_unknown_npc" time="0.042" /><testcase classname="tests.test_shadow_nexus.TestNPCs" name="test_npc_chat_returns_reply" time="4.797" /><testcase classname="tests.test_shadow_nexus.TestNPCs" name="test_npc_history_persisted" time="0.044" /><testcase classname="tests.test_shadow_nexus.TestInventory" name="test_inventory_listing" time="0.044" /><testcase classname="tests.test_shadow_nexus.TestInventory" name="test_equip_non_equipment_rejected" time="0.044" /><testcase classname="tests.test_shadow_nexus.TestInventory" name="test_equip_item_not_owned_rejected" time="0.044" /><testcase classname="tests.test_shadow_nexus.TestSkills" name="test_list_skills_and_unlock" time="0.044" /><testcase classname="tests.test_shadow_nexus.TestSkills" name="test_unlock_without_points_rejected" time="0.043" /><testcase classname="tests.test_shadow_nexus.TestAchievements" name="test_list_achievements" time="0.044" /><testcase classname="tests.test_shadow_nexus.TestDailyChallenges" name="test_daily_challenges_deterministic_3" time="0.087" /><testcase classname="tests.test_shadow_nexus.TestLeaderboard" name="test_leaderboard_sorted" time="0.042" /><testcase classname="tests.test_shadow_nexus.TestItems" name="test_items_endpoint" time="0.042" /></testsuite></testsuites>